<?xml version="1.0" encoding="UTF-8"?>
<testsuite xmlns:xsi="http://www.w3.org/2001/XMLSchema-instance" xsi:noNamespaceSchemaLocation="https://maven.apache.org/surefire/maven-surefire-plugin/xsd/surefire-test-report-3.0.xsd" version="3.0" name="runners.TestRunner" time="5.059" tests="2" errors="0" skipped="0" failures="0">
  <properties>
[...]
</properties>
  <testcase name="Search for a topic on Wikipedia" classname="Wikipedia Basic Functionality" time="2.636">
    <system-out><![CDATA[
Scenario: Search for a topic on Wikipedia        # src/test/resources/features/wikipedia.feature:6
  Given I am on the Wikipedia homepage           # steps.WikipediaSteps.iAmOnTheWikipediaHomepage()
  When I search for "Selenium (software)"        # steps.WikipediaSteps.iSearchFor(java.lang.String)
  Then I should see the search results dropdown  # steps.WikipediaSteps.iShouldSeeTheSearchResultsDropdown()
  And the first result should contain "Selenium" # steps.WikipediaSteps.theFirstResultShouldContain(java.lang.String)
]]></system-out>
    <system-err><![CDATA[SLF4J(W): No SLF4J providers were found.
SLF4J(W): Defaulting to no-operation (NOP) logger implementation
SLF4J(W): See https://www.slf4j.org/codes.html#noProviders for further details.
Apr 27, 2025 7:12:00 PM org.openqa.selenium.devtools.CdpVersionFinder findNearestMatch
WARNING: Unable to find CDP implementation matching 135
Apr 27, 2025 7:12:00 PM org.openqa.selenium.chromium.ChromiumDriver lambda$new$5
WARNING: Unable to find version of CDP to use for 135.0.7049.115. You may need to include a dependency on a specific version of the CDP using something similar to `org.seleniumhq.selenium:selenium-devtools-v86:4.18.1` where the version ("v86") matches the version of the chromium-based browser you're using and the version number of the artifact is the same as Selenium's.
]]></system-err>
  </testcase>
  <testcase name="Navigate to a specific article" classname="Wikipedia Basic Functionality" time="2.207">
    <system-out><![CDATA[
Scenario: Navigate to a specific article                                       # src/test/resources/features/wikipedia.feature:12
  Given I am on the Wikipedia homepage                                         # steps.WikipediaSteps.iAmOnTheWikipediaHomepage()
  When I search for "Selenium (software)"                                      # steps.WikipediaSteps.iSearchFor(java.lang.String)
  And I click on the first result                                              # steps.WikipediaSteps.iClickOnTheFirstResult()
  Then I should be taken to the Contents page with title "Selenium (software)" # steps.WikipediaSteps.iShouldBeTakenToTheContentsPage(java.lang.String)
]]></system-out>
    <system-err><![CDATA[Apr 27, 2025 7:12:02 PM org.openqa.selenium.devtools.CdpVersionFinder findNearestMatch
WARNING: Unable to find CDP implementation matching 135
Apr 27, 2025 7:12:02 PM org.openqa.selenium.chromium.ChromiumDriver lambda$new$5
WARNING: Unable to find version of CDP to use for 135.0.7049.115. You may need to include a dependency on a specific version of the CDP using something similar to `org.seleniumhq.selenium:selenium-devtools-v86:4.18.1` where the version ("v86") matches the version of the chromium-based browser you're using and the version number of the artifact is the same as Selenium's.
]]></system-err>
  </testcase>
</testsuite>